2018-03-30 19:54:58,402 [Worker-0] INFO  c.g.t.t.d.PublishedGradleVersions - Gradle version information cache is up-to-date. Trying to read.
2018-03-30 20:02:58,097 [Worker-17] INFO  o.e.m.c.i.l.LifecycleMappingFactory - Using org.eclipse.m2e.jdt.JarLifecycleMapping lifecycle mapping for MavenProject: org.cyrol.dev:customers-micro-services:0.0.1-SNAPSHOT @ C:\Users\rhoussou\projects\personal\javaProjects\microservices\customers-micro-services\pom.xml.
2018-03-30 20:03:05,662 [Worker-19] INFO  o.e.m.c.i.embedder.EclipseLogger - Using 'UTF-8' encoding to copy filtered resources.
2018-03-30 20:03:05,680 [Worker-19] INFO  o.e.m.c.i.embedder.EclipseLogger - Copying 0 resource
2018-03-30 20:03:05,680 [Worker-19] INFO  o.e.m.c.i.embedder.EclipseLogger - Copying 1 resource
2018-03-30 20:03:05,698 [Worker-19] INFO  o.e.m.c.i.embedder.EclipseLogger - Using 'UTF-8' encoding to copy filtered resources.
2018-03-30 20:03:05,698 [Worker-19] INFO  o.e.m.c.i.embedder.EclipseLogger - skip non existing resourceDirectory C:\Users\rhoussou\projects\personal\javaProjects\microservices\customers-micro-services\src\test\resources
2018-03-30 20:30:27,112 [Worker-28] INFO  o.e.m.c.i.l.LifecycleMappingFactory - Using org.eclipse.m2e.jdt.JarLifecycleMapping lifecycle mapping for MavenProject: org.cyrol.dev:admin-users-micro-services:0.0.1-SNAPSHOT @ C:\Users\rhoussou\projects\personal\javaProjects\microservices\admin-users-micro-services\pom.xml.
2018-03-30 20:30:29,560 [Worker-28] INFO  o.e.m.c.i.embedder.EclipseLogger - Using 'UTF-8' encoding to copy filtered resources.
2018-03-30 20:30:29,560 [Worker-28] INFO  o.e.m.c.i.embedder.EclipseLogger - Copying 0 resource
2018-03-30 20:30:29,560 [Worker-28] INFO  o.e.m.c.i.embedder.EclipseLogger - Copying 1 resource
2018-03-30 20:30:29,560 [Worker-28] INFO  o.e.m.c.i.embedder.EclipseLogger - Using 'UTF-8' encoding to copy filtered resources.
2018-03-30 20:30:29,560 [Worker-28] INFO  o.e.m.c.i.embedder.EclipseLogger - skip non existing resourceDirectory C:\Users\rhoussou\projects\personal\javaProjects\microservices\admin-users-micro-services\src\test\resources
2018-03-30 20:30:30,545 [Worker-30] INFO  o.e.m.c.i.l.LifecycleMappingFactory - Using org.eclipse.m2e.jdt.JarLifecycleMapping lifecycle mapping for MavenProject: org.cyrol.dev:admin-users-micro-services:0.0.1-SNAPSHOT @ C:\Users\rhoussou\projects\personal\javaProjects\microservices\admin-users-micro-services\pom.xml.
2018-03-30 20:30:31,679 [Worker-17] INFO  o.e.m.c.i.embedder.EclipseLogger - Using 'UTF-8' encoding to copy filtered resources.
2018-03-30 20:30:31,682 [Worker-17] INFO  o.e.m.c.i.embedder.EclipseLogger - Copying 0 resource
2018-03-30 20:30:31,682 [Worker-17] INFO  o.e.m.c.i.embedder.EclipseLogger - Copying 1 resource
2018-03-30 20:30:31,682 [Worker-17] INFO  o.e.m.c.i.embedder.EclipseLogger - Using 'UTF-8' encoding to copy filtered resources.
2018-03-30 20:30:31,682 [Worker-17] INFO  o.e.m.c.i.embedder.EclipseLogger - skip non existing resourceDirectory C:\Users\rhoussou\projects\personal\javaProjects\microservices\admin-users-micro-services\src\test\resources
2018-03-30 20:30:51,697 [Worker-30] INFO  o.e.m.c.i.embedder.EclipseLogger - Using 'UTF-8' encoding to copy filtered resources.
2018-03-30 20:30:51,697 [Worker-30] INFO  o.e.m.c.i.embedder.EclipseLogger - Copying 0 resource
2018-03-30 20:30:51,697 [Worker-30] INFO  o.e.m.c.i.embedder.EclipseLogger - Copying 1 resource
2018-03-30 20:30:51,697 [Worker-30] INFO  o.e.m.c.i.embedder.EclipseLogger - Using 'UTF-8' encoding to copy filtered resources.
2018-03-30 20:30:51,697 [Worker-30] INFO  o.e.m.c.i.embedder.EclipseLogger - skip non existing resourceDirectory C:\Users\rhoussou\projects\personal\javaProjects\microservices\admin-users-micro-services\src\test\resources
2018-03-30 20:33:08,811 [Worker-27] INFO  o.e.m.c.i.l.LifecycleMappingFactory - Using org.eclipse.m2e.jdt.JarLifecycleMapping lifecycle mapping for MavenProject: org.cyrol.dev:contributions-micro-services:0.0.1-SNAPSHOT @ C:\Users\rhoussou\projects\personal\javaProjects\microservices\contributions-micro-services\pom.xml.
2018-03-30 20:33:10,033 [Worker-27] INFO  o.e.m.c.i.embedder.EclipseLogger - Using 'UTF-8' encoding to copy filtered resources.
2018-03-30 20:33:10,033 [Worker-27] INFO  o.e.m.c.i.embedder.EclipseLogger - Copying 0 resource
2018-03-30 20:33:10,033 [Worker-27] INFO  o.e.m.c.i.embedder.EclipseLogger - Copying 1 resource
2018-03-30 20:33:10,043 [Worker-27] INFO  o.e.m.c.i.embedder.EclipseLogger - Using 'UTF-8' encoding to copy filtered resources.
2018-03-30 20:33:10,043 [Worker-27] INFO  o.e.m.c.i.embedder.EclipseLogger - skip non existing resourceDirectory C:\Users\rhoussou\projects\personal\javaProjects\microservices\contributions-micro-services\src\test\resources
2018-03-30 20:33:11,571 [Worker-30] INFO  o.e.m.c.i.l.LifecycleMappingFactory - Using org.eclipse.m2e.jdt.JarLifecycleMapping lifecycle mapping for MavenProject: org.cyrol.dev:contributions-micro-services:0.0.1-SNAPSHOT @ C:\Users\rhoussou\projects\personal\javaProjects\microservices\contributions-micro-services\pom.xml.
2018-03-30 20:33:11,749 [Worker-27] INFO  o.e.m.c.i.embedder.EclipseLogger - Using 'UTF-8' encoding to copy filtered resources.
2018-03-30 20:33:11,764 [Worker-27] INFO  o.e.m.c.i.embedder.EclipseLogger - Copying 0 resource
2018-03-30 20:33:11,764 [Worker-27] INFO  o.e.m.c.i.embedder.EclipseLogger - Copying 1 resource
2018-03-30 20:33:11,764 [Worker-27] INFO  o.e.m.c.i.embedder.EclipseLogger - Using 'UTF-8' encoding to copy filtered resources.
2018-03-30 20:33:11,764 [Worker-27] INFO  o.e.m.c.i.embedder.EclipseLogger - skip non existing resourceDirectory C:\Users\rhoussou\projects\personal\javaProjects\microservices\contributions-micro-services\src\test\resources
2018-03-30 20:33:14,476 [Worker-29] INFO  o.e.m.c.i.embedder.EclipseLogger - Using 'UTF-8' encoding to copy filtered resources.
2018-03-30 20:33:14,477 [Worker-29] INFO  o.e.m.c.i.embedder.EclipseLogger - Copying 0 resource
2018-03-30 20:33:14,477 [Worker-29] INFO  o.e.m.c.i.embedder.EclipseLogger - Copying 1 resource
2018-03-30 20:33:14,482 [Worker-29] INFO  o.e.m.c.i.embedder.EclipseLogger - Using 'UTF-8' encoding to copy filtered resources.
2018-03-30 20:33:14,483 [Worker-29] INFO  o.e.m.c.i.embedder.EclipseLogger - skip non existing resourceDirectory C:\Users\rhoussou\projects\personal\javaProjects\microservices\contributions-micro-services\src\test\resources
2018-03-30 20:38:50,760 [Worker-34] INFO  o.e.m.c.i.l.LifecycleMappingFactory - Using org.eclipse.m2e.jdt.JarLifecycleMapping lifecycle mapping for MavenProject: org.cyrol.dev:config-server:0.0.1-SNAPSHOT @ C:\Users\rhoussou\projects\personal\javaProjects\microservices\config-server\pom.xml.
2018-03-30 20:38:51,380 [Worker-34] INFO  o.e.m.c.i.embedder.EclipseLogger - Using 'UTF-8' encoding to copy filtered resources.
2018-03-30 20:38:51,380 [Worker-34] INFO  o.e.m.c.i.embedder.EclipseLogger - Copying 1 resource
2018-03-30 20:38:51,401 [Worker-34] INFO  o.e.m.c.i.embedder.EclipseLogger - Copying 0 resource
2018-03-30 20:38:51,405 [Worker-34] INFO  o.e.m.c.i.embedder.EclipseLogger - Using 'UTF-8' encoding to copy filtered resources.
2018-03-30 20:38:51,405 [Worker-34] INFO  o.e.m.c.i.embedder.EclipseLogger - skip non existing resourceDirectory C:\Users\rhoussou\projects\personal\javaProjects\microservices\config-server\src\test\resources
2018-03-30 20:38:52,343 [Worker-34] INFO  o.e.m.c.i.l.LifecycleMappingFactory - Using org.eclipse.m2e.jdt.JarLifecycleMapping lifecycle mapping for MavenProject: org.cyrol.dev:config-server:0.0.1-SNAPSHOT @ C:\Users\rhoussou\projects\personal\javaProjects\microservices\config-server\pom.xml.
2018-03-30 20:38:53,113 [Worker-27] INFO  o.e.m.c.i.embedder.EclipseLogger - Using 'UTF-8' encoding to copy filtered resources.
2018-03-30 20:38:53,114 [Worker-27] INFO  o.e.m.c.i.embedder.EclipseLogger - Copying 1 resource
2018-03-30 20:38:53,114 [Worker-27] INFO  o.e.m.c.i.embedder.EclipseLogger - Copying 0 resource
2018-03-30 20:38:53,119 [Worker-27] INFO  o.e.m.c.i.embedder.EclipseLogger - Using 'UTF-8' encoding to copy filtered resources.
2018-03-30 20:38:53,141 [Worker-27] INFO  o.e.m.c.i.embedder.EclipseLogger - skip non existing resourceDirectory C:\Users\rhoussou\projects\personal\javaProjects\microservices\config-server\src\test\resources
2018-03-30 20:38:54,226 [Worker-34] INFO  o.e.m.c.i.embedder.EclipseLogger - Using 'UTF-8' encoding to copy filtered resources.
2018-03-30 20:38:54,228 [Worker-34] INFO  o.e.m.c.i.embedder.EclipseLogger - Copying 1 resource
2018-03-30 20:38:54,230 [Worker-34] INFO  o.e.m.c.i.embedder.EclipseLogger - Copying 0 resource
2018-03-30 20:38:54,232 [Worker-34] INFO  o.e.m.c.i.embedder.EclipseLogger - Using 'UTF-8' encoding to copy filtered resources.
2018-03-30 20:38:54,233 [Worker-34] INFO  o.e.m.c.i.embedder.EclipseLogger - skip non existing resourceDirectory C:\Users\rhoussou\projects\personal\javaProjects\microservices\config-server\src\test\resources
2018-03-30 20:41:59,902 [Worker-39] INFO  o.e.m.c.i.l.LifecycleMappingFactory - Using org.eclipse.m2e.jdt.JarLifecycleMapping lifecycle mapping for MavenProject: org.cyrol.dev:eureka-server:0.0.1-SNAPSHOT @ C:\Users\rhoussou\projects\personal\javaProjects\microservices\eureka-server\pom.xml.
2018-03-30 20:42:01,083 [Worker-39] INFO  o.e.m.c.i.embedder.EclipseLogger - Using 'UTF-8' encoding to copy filtered resources.
2018-03-30 20:42:01,083 [Worker-39] INFO  o.e.m.c.i.embedder.EclipseLogger - Copying 0 resource
2018-03-30 20:42:01,083 [Worker-39] INFO  o.e.m.c.i.embedder.EclipseLogger - Copying 1 resource
2018-03-30 20:42:01,092 [Worker-39] INFO  o.e.m.c.i.embedder.EclipseLogger - Using 'UTF-8' encoding to copy filtered resources.
2018-03-30 20:42:01,092 [Worker-39] INFO  o.e.m.c.i.embedder.EclipseLogger - skip non existing resourceDirectory C:\Users\rhoussou\projects\personal\javaProjects\microservices\eureka-server\src\test\resources
2018-03-30 20:42:02,362 [Worker-39] INFO  o.e.m.c.i.l.LifecycleMappingFactory - Using org.eclipse.m2e.jdt.JarLifecycleMapping lifecycle mapping for MavenProject: org.cyrol.dev:eureka-server:0.0.1-SNAPSHOT @ C:\Users\rhoussou\projects\personal\javaProjects\microservices\eureka-server\pom.xml.
2018-03-30 20:42:03,190 [Worker-36] INFO  o.e.m.c.i.embedder.EclipseLogger - Using 'UTF-8' encoding to copy filtered resources.
2018-03-30 20:42:03,190 [Worker-36] INFO  o.e.m.c.i.embedder.EclipseLogger - Copying 0 resource
2018-03-30 20:42:03,190 [Worker-36] INFO  o.e.m.c.i.embedder.EclipseLogger - Copying 1 resource
2018-03-30 20:42:03,196 [Worker-36] INFO  o.e.m.c.i.embedder.EclipseLogger - Using 'UTF-8' encoding to copy filtered resources.
2018-03-30 20:42:03,196 [Worker-36] INFO  o.e.m.c.i.embedder.EclipseLogger - skip non existing resourceDirectory C:\Users\rhoussou\projects\personal\javaProjects\microservices\eureka-server\src\test\resources
2018-03-30 20:42:04,928 [Worker-34] INFO  o.e.m.c.i.embedder.EclipseLogger - Using 'UTF-8' encoding to copy filtered resources.
2018-03-30 20:42:04,932 [Worker-34] INFO  o.e.m.c.i.embedder.EclipseLogger - Copying 0 resource
2018-03-30 20:42:04,933 [Worker-34] INFO  o.e.m.c.i.embedder.EclipseLogger - Copying 1 resource
2018-03-30 20:42:04,933 [Worker-34] INFO  o.e.m.c.i.embedder.EclipseLogger - Using 'UTF-8' encoding to copy filtered resources.
2018-03-30 20:42:04,933 [Worker-34] INFO  o.e.m.c.i.embedder.EclipseLogger - skip non existing resourceDirectory C:\Users\rhoussou\projects\personal\javaProjects\microservices\eureka-server\src\test\resources
2018-03-30 20:50:15,687 [Worker-42] INFO  o.e.m.c.i.l.LifecycleMappingFactory - Using org.eclipse.m2e.jdt.JarLifecycleMapping lifecycle mapping for MavenProject: org.cyrol.dev:orders-micro-services:0.0.1-SNAPSHOT @ C:\Users\rhoussou\projects\personal\javaProjects\microservices\orders-micro-services\pom.xml.
2018-03-30 20:50:16,881 [Worker-42] INFO  o.e.m.c.i.embedder.EclipseLogger - Using 'UTF-8' encoding to copy filtered resources.
2018-03-30 20:50:16,881 [Worker-42] INFO  o.e.m.c.i.embedder.EclipseLogger - Copying 0 resource
2018-03-30 20:50:16,881 [Worker-42] INFO  o.e.m.c.i.embedder.EclipseLogger - Copying 1 resource
2018-03-30 20:50:16,891 [Worker-42] INFO  o.e.m.c.i.embedder.EclipseLogger - Using 'UTF-8' encoding to copy filtered resources.
2018-03-30 20:50:16,891 [Worker-42] INFO  o.e.m.c.i.embedder.EclipseLogger - skip non existing resourceDirectory C:\Users\rhoussou\projects\personal\javaProjects\microservices\orders-micro-services\src\test\resources
2018-03-30 20:50:18,340 [Worker-44] INFO  o.e.m.c.i.l.LifecycleMappingFactory - Using org.eclipse.m2e.jdt.JarLifecycleMapping lifecycle mapping for MavenProject: org.cyrol.dev:orders-micro-services:0.0.1-SNAPSHOT @ C:\Users\rhoussou\projects\personal\javaProjects\microservices\orders-micro-services\pom.xml.
2018-03-30 20:50:19,212 [Worker-41] INFO  o.e.m.c.i.embedder.EclipseLogger - Using 'UTF-8' encoding to copy filtered resources.
2018-03-30 20:50:19,212 [Worker-41] INFO  o.e.m.c.i.embedder.EclipseLogger - Copying 0 resource
2018-03-30 20:50:19,212 [Worker-41] INFO  o.e.m.c.i.embedder.EclipseLogger - Copying 1 resource
2018-03-30 20:50:19,226 [Worker-41] INFO  o.e.m.c.i.embedder.EclipseLogger - Using 'UTF-8' encoding to copy filtered resources.
2018-03-30 20:50:19,226 [Worker-41] INFO  o.e.m.c.i.embedder.EclipseLogger - skip non existing resourceDirectory C:\Users\rhoussou\projects\personal\javaProjects\microservices\orders-micro-services\src\test\resources
2018-03-30 20:50:21,216 [Worker-43] INFO  o.e.m.c.i.embedder.EclipseLogger - Using 'UTF-8' encoding to copy filtered resources.
2018-03-30 20:50:21,216 [Worker-43] INFO  o.e.m.c.i.embedder.EclipseLogger - Copying 0 resource
2018-03-30 20:50:21,216 [Worker-43] INFO  o.e.m.c.i.embedder.EclipseLogger - Copying 1 resource
2018-03-30 20:50:21,216 [Worker-43] INFO  o.e.m.c.i.embedder.EclipseLogger - Using 'UTF-8' encoding to copy filtered resources.
2018-03-30 20:50:21,216 [Worker-43] INFO  o.e.m.c.i.embedder.EclipseLogger - skip non existing resourceDirectory C:\Users\rhoussou\projects\personal\javaProjects\microservices\orders-micro-services\src\test\resources
2018-03-30 20:58:40,067 [Worker-48] INFO  o.e.m.c.i.l.LifecycleMappingFactory - Using org.eclipse.m2e.jdt.JarLifecycleMapping lifecycle mapping for MavenProject: org.cyrol.dev:pricing-micro-services:0.0.1-SNAPSHOT @ C:\Users\rhoussou\projects\personal\javaProjects\microservices\pricing-micro-services\pom.xml.
2018-03-30 20:58:41,319 [Worker-48] INFO  o.e.m.c.i.embedder.EclipseLogger - Using 'UTF-8' encoding to copy filtered resources.
2018-03-30 20:58:41,320 [Worker-48] INFO  o.e.m.c.i.embedder.EclipseLogger - Copying 0 resource
2018-03-30 20:58:41,320 [Worker-48] INFO  o.e.m.c.i.embedder.EclipseLogger - Copying 1 resource
2018-03-30 20:58:41,329 [Worker-48] INFO  o.e.m.c.i.embedder.EclipseLogger - Using 'UTF-8' encoding to copy filtered resources.
2018-03-30 20:58:41,329 [Worker-48] INFO  o.e.m.c.i.embedder.EclipseLogger - skip non existing resourceDirectory C:\Users\rhoussou\projects\personal\javaProjects\microservices\pricing-micro-services\src\test\resources
2018-03-30 20:58:42,663 [Worker-46] INFO  o.e.m.c.i.l.LifecycleMappingFactory - Using org.eclipse.m2e.jdt.JarLifecycleMapping lifecycle mapping for MavenProject: org.cyrol.dev:pricing-micro-services:0.0.1-SNAPSHOT @ C:\Users\rhoussou\projects\personal\javaProjects\microservices\pricing-micro-services\pom.xml.
2018-03-30 20:58:43,586 [Worker-47] INFO  o.e.m.c.i.embedder.EclipseLogger - Using 'UTF-8' encoding to copy filtered resources.
2018-03-30 20:58:43,586 [Worker-47] INFO  o.e.m.c.i.embedder.EclipseLogger - Copying 0 resource
2018-03-30 20:58:43,586 [Worker-47] INFO  o.e.m.c.i.embedder.EclipseLogger - Copying 1 resource
2018-03-30 20:58:43,599 [Worker-47] INFO  o.e.m.c.i.embedder.EclipseLogger - Using 'UTF-8' encoding to copy filtered resources.
2018-03-30 20:58:43,600 [Worker-47] INFO  o.e.m.c.i.embedder.EclipseLogger - skip non existing resourceDirectory C:\Users\rhoussou\projects\personal\javaProjects\microservices\pricing-micro-services\src\test\resources
2018-03-30 20:58:45,521 [Worker-44] INFO  o.e.m.c.i.embedder.EclipseLogger - Using 'UTF-8' encoding to copy filtered resources.
2018-03-30 20:58:45,521 [Worker-44] INFO  o.e.m.c.i.embedder.EclipseLogger - Copying 0 resource
2018-03-30 20:58:45,521 [Worker-44] INFO  o.e.m.c.i.embedder.EclipseLogger - Copying 1 resource
2018-03-30 20:58:45,537 [Worker-44] INFO  o.e.m.c.i.embedder.EclipseLogger - Using 'UTF-8' encoding to copy filtered resources.
2018-03-30 20:58:45,537 [Worker-44] INFO  o.e.m.c.i.embedder.EclipseLogger - skip non existing resourceDirectory C:\Users\rhoussou\projects\personal\javaProjects\microservices\pricing-micro-services\src\test\resources
2018-03-30 21:01:41,966 [Worker-48] INFO  o.e.m.c.i.l.LifecycleMappingFactory - Using org.eclipse.m2e.jdt.JarLifecycleMapping lifecycle mapping for MavenProject: org.cyrol.dev:proxy-server:0.0.1-SNAPSHOT @ C:\Users\rhoussou\projects\personal\javaProjects\microservices\proxy-server\pom.xml.
2018-03-30 21:01:43,086 [Worker-48] INFO  o.e.m.c.i.embedder.EclipseLogger - Using 'UTF-8' encoding to copy filtered resources.
2018-03-30 21:01:43,086 [Worker-48] INFO  o.e.m.c.i.embedder.EclipseLogger - Copying 0 resource
2018-03-30 21:01:43,087 [Worker-48] INFO  o.e.m.c.i.embedder.EclipseLogger - Copying 1 resource
2018-03-30 21:01:43,093 [Worker-48] INFO  o.e.m.c.i.embedder.EclipseLogger - Using 'UTF-8' encoding to copy filtered resources.
2018-03-30 21:01:43,093 [Worker-48] INFO  o.e.m.c.i.embedder.EclipseLogger - skip non existing resourceDirectory C:\Users\rhoussou\projects\personal\javaProjects\microservices\proxy-server\src\test\resources
2018-03-30 21:01:44,375 [Worker-53] INFO  o.e.m.c.i.l.LifecycleMappingFactory - Using org.eclipse.m2e.jdt.JarLifecycleMapping lifecycle mapping for MavenProject: org.cyrol.dev:proxy-server:0.0.1-SNAPSHOT @ C:\Users\rhoussou\projects\personal\javaProjects\microservices\proxy-server\pom.xml.
2018-03-30 21:01:45,234 [Worker-52] INFO  o.e.m.c.i.embedder.EclipseLogger - Using 'UTF-8' encoding to copy filtered resources.
2018-03-30 21:01:45,234 [Worker-52] INFO  o.e.m.c.i.embedder.EclipseLogger - Copying 0 resource
2018-03-30 21:01:45,234 [Worker-52] INFO  o.e.m.c.i.embedder.EclipseLogger - Copying 1 resource
2018-03-30 21:01:45,242 [Worker-52] INFO  o.e.m.c.i.embedder.EclipseLogger - Using 'UTF-8' encoding to copy filtered resources.
2018-03-30 21:01:45,243 [Worker-52] INFO  o.e.m.c.i.embedder.EclipseLogger - skip non existing resourceDirectory C:\Users\rhoussou\projects\personal\javaProjects\microservices\proxy-server\src\test\resources
2018-03-30 21:01:47,152 [Worker-44] INFO  o.e.m.c.i.embedder.EclipseLogger - Using 'UTF-8' encoding to copy filtered resources.
2018-03-30 21:01:47,167 [Worker-44] INFO  o.e.m.c.i.embedder.EclipseLogger - Copying 0 resource
2018-03-30 21:01:47,167 [Worker-44] INFO  o.e.m.c.i.embedder.EclipseLogger - Copying 1 resource
2018-03-30 21:01:47,172 [Worker-44] INFO  o.e.m.c.i.embedder.EclipseLogger - Using 'UTF-8' encoding to copy filtered resources.
2018-03-30 21:01:47,189 [Worker-44] INFO  o.e.m.c.i.embedder.EclipseLogger - skip non existing resourceDirectory C:\Users\rhoussou\projects\personal\javaProjects\microservices\proxy-server\src\test\resources
2018-03-30 21:03:18,447 [Worker-54] INFO  o.e.m.c.i.l.LifecycleMappingFactory - Using org.eclipse.m2e.jdt.JarLifecycleMapping lifecycle mapping for MavenProject: org.cyrol.dev:stock-micro-services:0.0.1-SNAPSHOT @ C:\Users\rhoussou\projects\personal\javaProjects\microservices\stock-micro-services\pom.xml.
2018-03-30 21:03:19,705 [Worker-54] INFO  o.e.m.c.i.embedder.EclipseLogger - Using 'UTF-8' encoding to copy filtered resources.
2018-03-30 21:03:19,705 [Worker-54] INFO  o.e.m.c.i.embedder.EclipseLogger - Copying 0 resource
2018-03-30 21:03:19,705 [Worker-54] INFO  o.e.m.c.i.embedder.EclipseLogger - Copying 1 resource
2018-03-30 21:03:19,705 [Worker-54] INFO  o.e.m.c.i.embedder.EclipseLogger - Using 'UTF-8' encoding to copy filtered resources.
2018-03-30 21:03:19,705 [Worker-54] INFO  o.e.m.c.i.embedder.EclipseLogger - skip non existing resourceDirectory C:\Users\rhoussou\projects\personal\javaProjects\microservices\stock-micro-services\src\test\resources
2018-03-30 21:03:21,039 [Worker-54] INFO  o.e.m.c.i.l.LifecycleMappingFactory - Using org.eclipse.m2e.jdt.JarLifecycleMapping lifecycle mapping for MavenProject: org.cyrol.dev:stock-micro-services:0.0.1-SNAPSHOT @ C:\Users\rhoussou\projects\personal\javaProjects\microservices\stock-micro-services\pom.xml.
2018-03-30 21:03:21,837 [Worker-47] INFO  o.e.m.c.i.embedder.EclipseLogger - Using 'UTF-8' encoding to copy filtered resources.
2018-03-30 21:03:21,837 [Worker-47] INFO  o.e.m.c.i.embedder.EclipseLogger - Copying 0 resource
2018-03-30 21:03:21,839 [Worker-47] INFO  o.e.m.c.i.embedder.EclipseLogger - Copying 1 resource
2018-03-30 21:03:21,844 [Worker-47] INFO  o.e.m.c.i.embedder.EclipseLogger - Using 'UTF-8' encoding to copy filtered resources.
2018-03-30 21:03:21,844 [Worker-47] INFO  o.e.m.c.i.embedder.EclipseLogger - skip non existing resourceDirectory C:\Users\rhoussou\projects\personal\javaProjects\microservices\stock-micro-services\src\test\resources
2018-03-30 21:03:23,658 [Worker-55] INFO  o.e.m.c.i.embedder.EclipseLogger - Using 'UTF-8' encoding to copy filtered resources.
2018-03-30 21:03:23,658 [Worker-55] INFO  o.e.m.c.i.embedder.EclipseLogger - Copying 0 resource
2018-03-30 21:03:23,658 [Worker-55] INFO  o.e.m.c.i.embedder.EclipseLogger - Copying 1 resource
2018-03-30 21:03:23,658 [Worker-55] INFO  o.e.m.c.i.embedder.EclipseLogger - Using 'UTF-8' encoding to copy filtered resources.
2018-03-30 21:03:23,658 [Worker-55] INFO  o.e.m.c.i.embedder.EclipseLogger - skip non existing resourceDirectory C:\Users\rhoussou\projects\personal\javaProjects\microservices\stock-micro-services\src\test\resources
2018-03-30 21:53:26,669 [Worker-66] INFO  o.e.m.c.i.embedder.EclipseLogger - Using 'UTF-8' encoding to copy filtered resources.
2018-03-30 21:53:26,671 [Worker-66] INFO  o.e.m.c.i.embedder.EclipseLogger - Copying 0 resource
2018-03-30 21:53:26,671 [Worker-66] INFO  o.e.m.c.i.embedder.EclipseLogger - Copying 1 resource
2018-03-30 21:53:26,687 [Worker-66] INFO  o.e.m.c.i.embedder.EclipseLogger - Using 'UTF-8' encoding to copy filtered resources.
2018-03-30 21:53:26,687 [Worker-66] INFO  o.e.m.c.i.embedder.EclipseLogger - skip non existing resourceDirectory C:\Users\rhoussou\projects\personal\javaProjects\microservices\customers-micro-services\src\test\resources
2018-03-30 21:57:24,908 [Worker-68] INFO  o.e.m.c.i.embedder.EclipseLogger - Using 'UTF-8' encoding to copy filtered resources.
2018-03-30 21:57:24,908 [Worker-68] INFO  o.e.m.c.i.embedder.EclipseLogger - Copying 0 resource
2018-03-30 21:57:24,908 [Worker-68] INFO  o.e.m.c.i.embedder.EclipseLogger - Copying 1 resource
2018-03-30 21:57:24,908 [Worker-68] INFO  o.e.m.c.i.embedder.EclipseLogger - Using 'UTF-8' encoding to copy filtered resources.
2018-03-30 21:57:24,908 [Worker-68] INFO  o.e.m.c.i.embedder.EclipseLogger - skip non existing resourceDirectory C:\Users\rhoussou\projects\personal\javaProjects\microservices\customers-micro-services\src\test\resources
2018-03-30 22:10:26,823 [Worker-73] INFO  o.e.m.c.i.embedder.EclipseLogger - Using 'UTF-8' encoding to copy filtered resources.
2018-03-30 22:10:26,823 [Worker-73] INFO  o.e.m.c.i.embedder.EclipseLogger - Copying 0 resource
2018-03-30 22:10:26,827 [Worker-73] INFO  o.e.m.c.i.embedder.EclipseLogger - Copying 1 resource
2018-03-30 22:10:26,828 [Worker-73] INFO  o.e.m.c.i.embedder.EclipseLogger - Using 'UTF-8' encoding to copy filtered resources.
2018-03-30 22:10:26,828 [Worker-73] INFO  o.e.m.c.i.embedder.EclipseLogger - skip non existing resourceDirectory C:\Users\rhoussou\projects\personal\javaProjects\microservices\customers-micro-services\src\test\resources
2018-03-30 22:12:11,226 [Worker-72] INFO  o.e.m.c.i.embedder.EclipseLogger - Using 'UTF-8' encoding to copy filtered resources.
2018-03-30 22:12:11,230 [Worker-72] INFO  o.e.m.c.i.embedder.EclipseLogger - Copying 0 resource
2018-03-30 22:12:11,230 [Worker-72] INFO  o.e.m.c.i.embedder.EclipseLogger - Copying 1 resource
2018-03-30 22:12:11,235 [Worker-72] INFO  o.e.m.c.i.embedder.EclipseLogger - Using 'UTF-8' encoding to copy filtered resources.
2018-03-30 22:12:11,235 [Worker-72] INFO  o.e.m.c.i.embedder.EclipseLogger - skip non existing resourceDirectory C:\Users\rhoussou\projects\personal\javaProjects\microservices\customers-micro-services\src\test\resources
2018-03-30 22:15:00,253 [Worker-69] INFO  o.e.m.c.i.embedder.EclipseLogger - Using 'UTF-8' encoding to copy filtered resources.
2018-03-30 22:15:00,255 [Worker-69] INFO  o.e.m.c.i.embedder.EclipseLogger - Copying 0 resource
2018-03-30 22:15:00,256 [Worker-69] INFO  o.e.m.c.i.embedder.EclipseLogger - Copying 1 resource
2018-03-30 22:15:00,259 [Worker-69] INFO  o.e.m.c.i.embedder.EclipseLogger - Using 'UTF-8' encoding to copy filtered resources.
2018-03-30 22:15:00,259 [Worker-69] INFO  o.e.m.c.i.embedder.EclipseLogger - skip non existing resourceDirectory C:\Users\rhoussou\projects\personal\javaProjects\microservices\customers-micro-services\src\test\resources
2018-03-30 22:18:04,991 [Worker-73] INFO  o.e.m.c.i.embedder.EclipseLogger - Using 'UTF-8' encoding to copy filtered resources.
2018-03-30 22:18:04,992 [Worker-73] INFO  o.e.m.c.i.embedder.EclipseLogger - Copying 0 resource
2018-03-30 22:18:04,993 [Worker-73] INFO  o.e.m.c.i.embedder.EclipseLogger - Copying 1 resource
2018-03-30 22:18:04,995 [Worker-73] INFO  o.e.m.c.i.embedder.EclipseLogger - Using 'UTF-8' encoding to copy filtered resources.
2018-03-30 22:18:04,995 [Worker-73] INFO  o.e.m.c.i.embedder.EclipseLogger - skip non existing resourceDirectory C:\Users\rhoussou\projects\personal\javaProjects\microservices\customers-micro-services\src\test\resources
2018-03-30 22:18:48,475 [Worker-69] INFO  o.e.m.c.i.embedder.EclipseLogger - Using 'UTF-8' encoding to copy filtered resources.
2018-03-30 22:18:48,479 [Worker-69] INFO  o.e.m.c.i.embedder.EclipseLogger - Copying 0 resource
2018-03-30 22:18:48,479 [Worker-69] INFO  o.e.m.c.i.embedder.EclipseLogger - Copying 1 resource
2018-03-30 22:18:48,483 [Worker-69] INFO  o.e.m.c.i.embedder.EclipseLogger - Using 'UTF-8' encoding to copy filtered resources.
2018-03-30 22:18:48,486 [Worker-69] INFO  o.e.m.c.i.embedder.EclipseLogger - skip non existing resourceDirectory C:\Users\rhoussou\projects\personal\javaProjects\microservices\customers-micro-services\src\test\resources
2018-03-30 22:31:02,958 [Worker-78] INFO  o.e.m.c.i.embedder.EclipseLogger - Using 'UTF-8' encoding to copy filtered resources.
2018-03-30 22:31:02,958 [Worker-78] INFO  o.e.m.c.i.embedder.EclipseLogger - Copying 0 resource
2018-03-30 22:31:02,958 [Worker-78] INFO  o.e.m.c.i.embedder.EclipseLogger - Copying 1 resource
2018-03-30 22:31:02,971 [Worker-78] INFO  o.e.m.c.i.embedder.EclipseLogger - Using 'UTF-8' encoding to copy filtered resources.
2018-03-30 22:31:02,972 [Worker-78] INFO  o.e.m.c.i.embedder.EclipseLogger - skip non existing resourceDirectory C:\Users\rhoussou\projects\personal\javaProjects\microservices\customers-micro-services\src\test\resources
2018-03-30 22:35:02,301 [Worker-80] INFO  o.e.m.c.i.embedder.EclipseLogger - Using 'UTF-8' encoding to copy filtered resources.
2018-03-30 22:35:02,304 [Worker-80] INFO  o.e.m.c.i.embedder.EclipseLogger - Copying 0 resource
2018-03-30 22:35:02,304 [Worker-80] INFO  o.e.m.c.i.embedder.EclipseLogger - Copying 1 resource
2018-03-30 22:35:02,304 [Worker-80] INFO  o.e.m.c.i.embedder.EclipseLogger - Using 'UTF-8' encoding to copy filtered resources.
2018-03-30 22:35:02,304 [Worker-80] INFO  o.e.m.c.i.embedder.EclipseLogger - skip non existing resourceDirectory C:\Users\rhoussou\projects\personal\javaProjects\microservices\customers-micro-services\src\test\resources
2018-03-31 12:18:33,813 [Worker-157] INFO  o.e.m.c.i.embedder.EclipseLogger - Using 'UTF-8' encoding to copy filtered resources.
2018-03-31 12:18:33,819 [Worker-157] INFO  o.e.m.c.i.embedder.EclipseLogger - Copying 0 resource
2018-03-31 12:18:33,822 [Worker-157] INFO  o.e.m.c.i.embedder.EclipseLogger - Copying 1 resource
2018-03-31 12:18:33,827 [Worker-157] INFO  o.e.m.c.i.embedder.EclipseLogger - Using 'UTF-8' encoding to copy filtered resources.
2018-03-31 12:18:33,827 [Worker-157] INFO  o.e.m.c.i.embedder.EclipseLogger - skip non existing resourceDirectory C:\Users\rhoussou\projects\personal\javaProjects\microservices\customers-micro-services\src\test\resources
2018-03-31 12:19:18,479 [Worker-158] INFO  o.e.m.c.i.embedder.EclipseLogger - Using 'UTF-8' encoding to copy filtered resources.
2018-03-31 12:19:18,481 [Worker-158] INFO  o.e.m.c.i.embedder.EclipseLogger - Copying 0 resource
2018-03-31 12:19:18,482 [Worker-158] INFO  o.e.m.c.i.embedder.EclipseLogger - Copying 1 resource
2018-03-31 12:19:18,485 [Worker-158] INFO  o.e.m.c.i.embedder.EclipseLogger - Using 'UTF-8' encoding to copy filtered resources.
2018-03-31 12:19:18,486 [Worker-158] INFO  o.e.m.c.i.embedder.EclipseLogger - skip non existing resourceDirectory C:\Users\rhoussou\projects\personal\javaProjects\microservices\customers-micro-services\src\test\resources
2018-03-31 12:20:32,731 [Worker-158] INFO  o.e.m.c.i.embedder.EclipseLogger - Using 'UTF-8' encoding to copy filtered resources.
2018-03-31 12:20:32,731 [Worker-158] INFO  o.e.m.c.i.embedder.EclipseLogger - Copying 0 resource
2018-03-31 12:20:32,741 [Worker-158] INFO  o.e.m.c.i.embedder.EclipseLogger - Copying 1 resource
2018-03-31 12:20:32,744 [Worker-158] INFO  o.e.m.c.i.embedder.EclipseLogger - Using 'UTF-8' encoding to copy filtered resources.
2018-03-31 12:20:32,744 [Worker-158] INFO  o.e.m.c.i.embedder.EclipseLogger - skip non existing resourceDirectory C:\Users\rhoussou\projects\personal\javaProjects\microservices\customers-micro-services\src\test\resources
2018-03-31 12:23:32,861 [Worker-161] INFO  o.e.m.c.i.embedder.EclipseLogger - Using 'UTF-8' encoding to copy filtered resources.
2018-03-31 12:23:32,863 [Worker-161] INFO  o.e.m.c.i.embedder.EclipseLogger - Copying 0 resource
2018-03-31 12:23:32,864 [Worker-161] INFO  o.e.m.c.i.embedder.EclipseLogger - Copying 1 resource
2018-03-31 12:23:32,866 [Worker-161] INFO  o.e.m.c.i.embedder.EclipseLogger - Using 'UTF-8' encoding to copy filtered resources.
2018-03-31 12:23:32,866 [Worker-161] INFO  o.e.m.c.i.embedder.EclipseLogger - skip non existing resourceDirectory C:\Users\rhoussou\projects\personal\javaProjects\microservices\customers-micro-services\src\test\resources
2018-03-31 12:29:40,903 [Worker-163] INFO  o.e.m.c.i.embedder.EclipseLogger - Using 'UTF-8' encoding to copy filtered resources.
2018-03-31 12:29:40,904 [Worker-163] INFO  o.e.m.c.i.embedder.EclipseLogger - Copying 0 resource
2018-03-31 12:29:40,905 [Worker-163] INFO  o.e.m.c.i.embedder.EclipseLogger - Copying 1 resource
2018-03-31 12:29:40,906 [Worker-163] INFO  o.e.m.c.i.embedder.EclipseLogger - Using 'UTF-8' encoding to copy filtered resources.
2018-03-31 12:29:40,907 [Worker-163] INFO  o.e.m.c.i.embedder.EclipseLogger - skip non existing resourceDirectory C:\Users\rhoussou\projects\personal\javaProjects\microservices\customers-micro-services\src\test\resources
2018-03-31 12:32:01,435 [Worker-164] INFO  o.e.m.c.i.embedder.EclipseLogger - Using 'UTF-8' encoding to copy filtered resources.
2018-03-31 12:32:01,435 [Worker-164] INFO  o.e.m.c.i.embedder.EclipseLogger - Copying 0 resource
2018-03-31 12:32:01,435 [Worker-164] INFO  o.e.m.c.i.embedder.EclipseLogger - Copying 1 resource
2018-03-31 12:32:01,441 [Worker-164] INFO  o.e.m.c.i.embedder.EclipseLogger - Using 'UTF-8' encoding to copy filtered resources.
2018-03-31 12:32:01,441 [Worker-164] INFO  o.e.m.c.i.embedder.EclipseLogger - skip non existing resourceDirectory C:\Users\rhoussou\projects\personal\javaProjects\microservices\customers-micro-services\src\test\resources
2018-03-31 12:38:11,434 [Worker-162] INFO  o.e.m.c.i.embedder.EclipseLogger - Using 'UTF-8' encoding to copy filtered resources.
2018-03-31 12:38:11,434 [Worker-162] INFO  o.e.m.c.i.embedder.EclipseLogger - Copying 0 resource
2018-03-31 12:38:11,434 [Worker-162] INFO  o.e.m.c.i.embedder.EclipseLogger - Copying 1 resource
2018-03-31 12:38:11,451 [Worker-162] INFO  o.e.m.c.i.embedder.EclipseLogger - Using 'UTF-8' encoding to copy filtered resources.
2018-03-31 12:38:11,451 [Worker-162] INFO  o.e.m.c.i.embedder.EclipseLogger - skip non existing resourceDirectory C:\Users\rhoussou\projects\personal\javaProjects\microservices\customers-micro-services\src\test\resources
2018-03-31 13:03:19,642 [Worker-173] INFO  o.e.m.c.i.embedder.EclipseLogger - Using 'UTF-8' encoding to copy filtered resources.
2018-03-31 13:03:19,643 [Worker-173] INFO  o.e.m.c.i.embedder.EclipseLogger - Copying 0 resource
2018-03-31 13:03:19,644 [Worker-173] INFO  o.e.m.c.i.embedder.EclipseLogger - Copying 1 resource
2018-03-31 13:03:19,646 [Worker-173] INFO  o.e.m.c.i.embedder.EclipseLogger - Using 'UTF-8' encoding to copy filtered resources.
2018-03-31 13:03:19,646 [Worker-173] INFO  o.e.m.c.i.embedder.EclipseLogger - skip non existing resourceDirectory C:\Users\rhoussou\projects\personal\javaProjects\microservices\customers-micro-services\src\test\resources
2018-03-31 13:23:09,720 [Worker-173] INFO  o.e.m.c.i.embedder.EclipseLogger - Using 'UTF-8' encoding to copy filtered resources.
2018-03-31 13:23:09,722 [Worker-173] INFO  o.e.m.c.i.embedder.EclipseLogger - Copying 0 resource
2018-03-31 13:23:09,723 [Worker-173] INFO  o.e.m.c.i.embedder.EclipseLogger - Copying 1 resource
2018-03-31 13:23:09,728 [Worker-173] INFO  o.e.m.c.i.embedder.EclipseLogger - Using 'UTF-8' encoding to copy filtered resources.
2018-03-31 13:23:09,729 [Worker-173] INFO  o.e.m.c.i.embedder.EclipseLogger - skip non existing resourceDirectory C:\Users\rhoussou\projects\personal\javaProjects\microservices\customers-micro-services\src\test\resources
2018-03-31 13:24:02,760 [Worker-190] INFO  o.e.m.c.i.embedder.EclipseLogger - Using 'UTF-8' encoding to copy filtered resources.
2018-03-31 13:24:02,761 [Worker-190] INFO  o.e.m.c.i.embedder.EclipseLogger - Copying 0 resource
2018-03-31 13:24:02,763 [Worker-190] INFO  o.e.m.c.i.embedder.EclipseLogger - Copying 1 resource
2018-03-31 13:24:02,765 [Worker-190] INFO  o.e.m.c.i.embedder.EclipseLogger - Using 'UTF-8' encoding to copy filtered resources.
2018-03-31 13:24:02,765 [Worker-190] INFO  o.e.m.c.i.embedder.EclipseLogger - skip non existing resourceDirectory C:\Users\rhoussou\projects\personal\javaProjects\microservices\customers-micro-services\src\test\resources
2018-03-31 13:25:36,335 [Worker-190] INFO  o.e.m.c.i.embedder.EclipseLogger - Using 'UTF-8' encoding to copy filtered resources.
2018-03-31 13:25:36,336 [Worker-190] INFO  o.e.m.c.i.embedder.EclipseLogger - Copying 0 resource
2018-03-31 13:25:36,336 [Worker-190] INFO  o.e.m.c.i.embedder.EclipseLogger - Copying 1 resource
2018-03-31 13:25:36,336 [Worker-190] INFO  o.e.m.c.i.embedder.EclipseLogger - Using 'UTF-8' encoding to copy filtered resources.
2018-03-31 13:25:36,336 [Worker-190] INFO  o.e.m.c.i.embedder.EclipseLogger - skip non existing resourceDirectory C:\Users\rhoussou\projects\personal\javaProjects\microservices\customers-micro-services\src\test\resources
2018-03-31 13:26:59,847 [Worker-189] INFO  o.e.m.c.i.embedder.EclipseLogger - Using 'UTF-8' encoding to copy filtered resources.
2018-03-31 13:26:59,862 [Worker-189] INFO  o.e.m.c.i.embedder.EclipseLogger - Copying 0 resource
2018-03-31 13:26:59,862 [Worker-189] INFO  o.e.m.c.i.embedder.EclipseLogger - Copying 1 resource
2018-03-31 13:26:59,862 [Worker-189] INFO  o.e.m.c.i.embedder.EclipseLogger - Using 'UTF-8' encoding to copy filtered resources.
2018-03-31 13:26:59,862 [Worker-189] INFO  o.e.m.c.i.embedder.EclipseLogger - skip non existing resourceDirectory C:\Users\rhoussou\projects\personal\javaProjects\microservices\customers-micro-services\src\test\resources
2018-03-31 13:27:38,429 [Worker-190] INFO  o.e.m.c.i.embedder.EclipseLogger - Using 'UTF-8' encoding to copy filtered resources.
2018-03-31 13:27:38,429 [Worker-190] INFO  o.e.m.c.i.embedder.EclipseLogger - Copying 0 resource
2018-03-31 13:27:38,429 [Worker-190] INFO  o.e.m.c.i.embedder.EclipseLogger - Copying 1 resource
2018-03-31 13:27:38,429 [Worker-190] INFO  o.e.m.c.i.embedder.EclipseLogger - Using 'UTF-8' encoding to copy filtered resources.
2018-03-31 13:27:38,429 [Worker-190] INFO  o.e.m.c.i.embedder.EclipseLogger - skip non existing resourceDirectory C:\Users\rhoussou\projects\personal\javaProjects\microservices\customers-micro-services\src\test\resources
2018-03-31 13:27:53,811 [Worker-173] INFO  o.e.m.c.i.embedder.EclipseLogger - Using 'UTF-8' encoding to copy filtered resources.
2018-03-31 13:27:53,813 [Worker-173] INFO  o.e.m.c.i.embedder.EclipseLogger - Copying 0 resource
2018-03-31 13:27:53,814 [Worker-173] INFO  o.e.m.c.i.embedder.EclipseLogger - Copying 1 resource
2018-03-31 13:27:53,817 [Worker-173] INFO  o.e.m.c.i.embedder.EclipseLogger - Using 'UTF-8' encoding to copy filtered resources.
2018-03-31 13:27:53,817 [Worker-173] INFO  o.e.m.c.i.embedder.EclipseLogger - skip non existing resourceDirectory C:\Users\rhoussou\projects\personal\javaProjects\microservices\customers-micro-services\src\test\resources
2018-03-31 13:28:23,571 [Worker-189] INFO  o.e.m.c.i.embedder.EclipseLogger - Using 'UTF-8' encoding to copy filtered resources.
2018-03-31 13:28:23,572 [Worker-189] INFO  o.e.m.c.i.embedder.EclipseLogger - Copying 0 resource
2018-03-31 13:28:23,573 [Worker-189] INFO  o.e.m.c.i.embedder.EclipseLogger - Copying 1 resource
2018-03-31 13:28:23,575 [Worker-189] INFO  o.e.m.c.i.embedder.EclipseLogger - Using 'UTF-8' encoding to copy filtered resources.
2018-03-31 13:28:23,575 [Worker-189] INFO  o.e.m.c.i.embedder.EclipseLogger - skip non existing resourceDirectory C:\Users\rhoussou\projects\personal\javaProjects\microservices\customers-micro-services\src\test\resources
2018-03-31 13:31:25,412 [Worker-190] INFO  o.e.m.c.i.embedder.EclipseLogger - Using 'UTF-8' encoding to copy filtered resources.
2018-03-31 13:31:25,412 [Worker-190] INFO  o.e.m.c.i.embedder.EclipseLogger - Copying 0 resource
2018-03-31 13:31:25,412 [Worker-190] INFO  o.e.m.c.i.embedder.EclipseLogger - Copying 1 resource
2018-03-31 13:31:25,412 [Worker-190] INFO  o.e.m.c.i.embedder.EclipseLogger - Using 'UTF-8' encoding to copy filtered resources.
2018-03-31 13:31:25,412 [Worker-190] INFO  o.e.m.c.i.embedder.EclipseLogger - skip non existing resourceDirectory C:\Users\rhoussou\projects\personal\javaProjects\microservices\customers-micro-services\src\test\resources
2018-03-31 13:49:26,175 [Worker-199] INFO  o.e.m.c.i.embedder.EclipseLogger - Using 'UTF-8' encoding to copy filtered resources.
2018-03-31 13:49:26,175 [Worker-199] INFO  o.e.m.c.i.embedder.EclipseLogger - Copying 0 resource
2018-03-31 13:49:26,175 [Worker-199] INFO  o.e.m.c.i.embedder.EclipseLogger - Copying 1 resource
2018-03-31 13:49:26,175 [Worker-199] INFO  o.e.m.c.i.embedder.EclipseLogger - Using 'UTF-8' encoding to copy filtered resources.
2018-03-31 13:49:26,175 [Worker-199] INFO  o.e.m.c.i.embedder.EclipseLogger - skip non existing resourceDirectory C:\Users\rhoussou\projects\personal\javaProjects\microservices\customers-micro-services\src\test\resources
2018-03-31 13:49:58,758 [Worker-198] INFO  o.e.m.c.i.embedder.EclipseLogger - Using 'UTF-8' encoding to copy filtered resources.
2018-03-31 13:49:58,767 [Worker-198] INFO  o.e.m.c.i.embedder.EclipseLogger - Copying 0 resource
2018-03-31 13:49:58,768 [Worker-198] INFO  o.e.m.c.i.embedder.EclipseLogger - Copying 1 resource
2018-03-31 13:49:58,770 [Worker-198] INFO  o.e.m.c.i.embedder.EclipseLogger - Using 'UTF-8' encoding to copy filtered resources.
2018-03-31 13:49:58,770 [Worker-198] INFO  o.e.m.c.i.embedder.EclipseLogger - skip non existing resourceDirectory C:\Users\rhoussou\projects\personal\javaProjects\microservices\customers-micro-services\src\test\resources
2018-04-01 15:31:24,898 [Worker-299] INFO  o.e.m.c.i.embedder.EclipseLogger - Using 'UTF-8' encoding to copy filtered resources.
2018-04-01 15:31:24,899 [Worker-299] INFO  o.e.m.c.i.embedder.EclipseLogger - Copying 0 resource
2018-04-01 15:31:24,899 [Worker-299] INFO  o.e.m.c.i.embedder.EclipseLogger - Copying 1 resource
2018-04-01 15:31:24,899 [Worker-299] INFO  o.e.m.c.i.embedder.EclipseLogger - Using 'UTF-8' encoding to copy filtered resources.
2018-04-01 15:31:24,899 [Worker-299] INFO  o.e.m.c.i.embedder.EclipseLogger - skip non existing resourceDirectory C:\Users\rhoussou\projects\personal\javaProjects\microservices\orders-micro-services\src\test\resources
2018-04-01 15:31:49,629 [Worker-298] INFO  o.e.m.c.i.embedder.EclipseLogger - Using 'UTF-8' encoding to copy filtered resources.
2018-04-01 15:31:49,629 [Worker-298] INFO  o.e.m.c.i.embedder.EclipseLogger - Copying 0 resource
2018-04-01 15:31:49,629 [Worker-298] INFO  o.e.m.c.i.embedder.EclipseLogger - Copying 1 resource
2018-04-01 15:31:49,629 [Worker-298] INFO  o.e.m.c.i.embedder.EclipseLogger - Using 'UTF-8' encoding to copy filtered resources.
2018-04-01 15:31:49,629 [Worker-298] INFO  o.e.m.c.i.embedder.EclipseLogger - skip non existing resourceDirectory C:\Users\rhoussou\projects\personal\javaProjects\microservices\orders-micro-services\src\test\resources
2018-04-01 15:32:13,884 [Worker-300] INFO  o.e.m.c.i.embedder.EclipseLogger - Using 'UTF-8' encoding to copy filtered resources.
2018-04-01 15:32:13,900 [Worker-300] INFO  o.e.m.c.i.embedder.EclipseLogger - Copying 0 resource
2018-04-01 15:32:13,900 [Worker-300] INFO  o.e.m.c.i.embedder.EclipseLogger - Copying 1 resource
2018-04-01 15:32:13,900 [Worker-300] INFO  o.e.m.c.i.embedder.EclipseLogger - Using 'UTF-8' encoding to copy filtered resources.
2018-04-01 15:32:13,900 [Worker-300] INFO  o.e.m.c.i.embedder.EclipseLogger - skip non existing resourceDirectory C:\Users\rhoussou\projects\personal\javaProjects\microservices\orders-micro-services\src\test\resources
2018-04-01 15:34:02,205 [Worker-297] INFO  o.e.m.c.i.embedder.EclipseLogger - Using 'UTF-8' encoding to copy filtered resources.
2018-04-01 15:34:02,205 [Worker-297] INFO  o.e.m.c.i.embedder.EclipseLogger - Copying 0 resource
2018-04-01 15:34:02,205 [Worker-297] INFO  o.e.m.c.i.embedder.EclipseLogger - Copying 1 resource
2018-04-01 15:34:02,205 [Worker-297] INFO  o.e.m.c.i.embedder.EclipseLogger - Using 'UTF-8' encoding to copy filtered resources.
2018-04-01 15:34:02,205 [Worker-297] INFO  o.e.m.c.i.embedder.EclipseLogger - skip non existing resourceDirectory C:\Users\rhoussou\projects\personal\javaProjects\microservices\customers-micro-services\src\test\resources
2018-04-01 15:34:03,250 [Worker-302] INFO  o.e.m.c.i.embedder.EclipseLogger - Using 'UTF-8' encoding to copy filtered resources.
2018-04-01 15:34:03,250 [Worker-302] INFO  o.e.m.c.i.embedder.EclipseLogger - Copying 0 resource
2018-04-01 15:34:03,250 [Worker-302] INFO  o.e.m.c.i.embedder.EclipseLogger - Copying 1 resource
2018-04-01 15:34:03,250 [Worker-302] INFO  o.e.m.c.i.embedder.EclipseLogger - Using 'UTF-8' encoding to copy filtered resources.
2018-04-01 15:34:03,250 [Worker-302] INFO  o.e.m.c.i.embedder.EclipseLogger - skip non existing resourceDirectory C:\Users\rhoussou\projects\personal\javaProjects\microservices\orders-micro-services\src\test\resources
2018-04-01 15:41:57,640 [Worker-305] INFO  o.e.m.c.i.embedder.EclipseLogger - Using 'UTF-8' encoding to copy filtered resources.
2018-04-01 15:41:57,640 [Worker-305] INFO  o.e.m.c.i.embedder.EclipseLogger - Copying 0 resource
2018-04-01 15:41:57,640 [Worker-305] INFO  o.e.m.c.i.embedder.EclipseLogger - Copying 1 resource
2018-04-01 15:41:57,640 [Worker-305] INFO  o.e.m.c.i.embedder.EclipseLogger - Using 'UTF-8' encoding to copy filtered resources.
2018-04-01 15:41:57,640 [Worker-305] INFO  o.e.m.c.i.embedder.EclipseLogger - skip non existing resourceDirectory C:\Users\rhoussou\projects\personal\javaProjects\microservices\orders-micro-services\src\test\resources
2018-04-01 19:05:15,667 [Worker-316] INFO  o.e.m.c.i.embedder.EclipseLogger - Using 'UTF-8' encoding to copy filtered resources.
2018-04-01 19:05:15,677 [Worker-316] INFO  o.e.m.c.i.embedder.EclipseLogger - Copying 0 resource
2018-04-01 19:05:15,677 [Worker-316] INFO  o.e.m.c.i.embedder.EclipseLogger - Copying 1 resource
2018-04-01 19:05:15,677 [Worker-316] INFO  o.e.m.c.i.embedder.EclipseLogger - Using 'UTF-8' encoding to copy filtered resources.
2018-04-01 19:05:15,677 [Worker-316] INFO  o.e.m.c.i.embedder.EclipseLogger - skip non existing resourceDirectory C:\Users\rhoussou\projects\personal\javaProjects\microservices\orders-micro-services\src\test\resources
2018-04-01 19:23:44,026 [Worker-316] INFO  o.e.m.c.i.embedder.EclipseLogger - Using 'UTF-8' encoding to copy filtered resources.
2018-04-01 19:23:44,026 [Worker-316] INFO  o.e.m.c.i.embedder.EclipseLogger - Copying 0 resource
2018-04-01 19:23:44,026 [Worker-316] INFO  o.e.m.c.i.embedder.EclipseLogger - Copying 1 resource
2018-04-01 19:23:44,026 [Worker-316] INFO  o.e.m.c.i.embedder.EclipseLogger - Using 'UTF-8' encoding to copy filtered resources.
2018-04-01 19:23:44,026 [Worker-316] INFO  o.e.m.c.i.embedder.EclipseLogger - skip non existing resourceDirectory C:\Users\rhoussou\projects\personal\javaProjects\microservices\orders-micro-services\src\test\resources
2018-04-01 19:25:27,993 [Worker-315] INFO  o.e.m.c.i.embedder.EclipseLogger - Using 'UTF-8' encoding to copy filtered resources.
2018-04-01 19:25:27,994 [Worker-315] INFO  o.e.m.c.i.embedder.EclipseLogger - Copying 0 resource
2018-04-01 19:25:27,996 [Worker-315] INFO  o.e.m.c.i.embedder.EclipseLogger - Copying 1 resource
2018-04-01 19:25:27,997 [Worker-315] INFO  o.e.m.c.i.embedder.EclipseLogger - Using 'UTF-8' encoding to copy filtered resources.
2018-04-01 19:25:27,998 [Worker-315] INFO  o.e.m.c.i.embedder.EclipseLogger - skip non existing resourceDirectory C:\Users\rhoussou\projects\personal\javaProjects\microservices\orders-micro-services\src\test\resources
2018-04-01 19:29:11,581 [Worker-316] INFO  o.e.m.c.i.embedder.EclipseLogger - Using 'UTF-8' encoding to copy filtered resources.
2018-04-01 19:29:11,581 [Worker-316] INFO  o.e.m.c.i.embedder.EclipseLogger - Copying 0 resource
2018-04-01 19:29:11,581 [Worker-316] INFO  o.e.m.c.i.embedder.EclipseLogger - Copying 1 resource
2018-04-01 19:29:11,617 [Worker-316] INFO  o.e.m.c.i.embedder.EclipseLogger - Using 'UTF-8' encoding to copy filtered resources.
2018-04-01 19:29:11,617 [Worker-316] INFO  o.e.m.c.i.embedder.EclipseLogger - skip non existing resourceDirectory C:\Users\rhoussou\projects\personal\javaProjects\microservices\orders-micro-services\src\test\resources
2018-04-01 19:32:44,627 [Worker-320] INFO  o.e.m.c.i.embedder.EclipseLogger - Using 'UTF-8' encoding to copy filtered resources.
2018-04-01 19:32:44,627 [Worker-320] INFO  o.e.m.c.i.embedder.EclipseLogger - Copying 0 resource
2018-04-01 19:32:44,629 [Worker-320] INFO  o.e.m.c.i.embedder.EclipseLogger - Copying 1 resource
2018-04-01 19:32:44,631 [Worker-320] INFO  o.e.m.c.i.embedder.EclipseLogger - Using 'UTF-8' encoding to copy filtered resources.
2018-04-01 19:32:44,631 [Worker-320] INFO  o.e.m.c.i.embedder.EclipseLogger - skip non existing resourceDirectory C:\Users\rhoussou\projects\personal\javaProjects\microservices\orders-micro-services\src\test\resources
2018-04-01 19:35:57,161 [Worker-316] INFO  o.e.m.c.i.embedder.EclipseLogger - Using 'UTF-8' encoding to copy filtered resources.
2018-04-01 19:35:57,161 [Worker-316] INFO  o.e.m.c.i.embedder.EclipseLogger - Copying 0 resource
2018-04-01 19:35:57,161 [Worker-316] INFO  o.e.m.c.i.embedder.EclipseLogger - Copying 1 resource
2018-04-01 19:35:57,167 [Worker-316] INFO  o.e.m.c.i.embedder.EclipseLogger - Using 'UTF-8' encoding to copy filtered resources.
2018-04-01 19:35:57,167 [Worker-316] INFO  o.e.m.c.i.embedder.EclipseLogger - skip non existing resourceDirectory C:\Users\rhoussou\projects\personal\javaProjects\microservices\orders-micro-services\src\test\resources
2018-04-01 19:38:02,926 [Worker-316] INFO  o.e.m.c.i.embedder.EclipseLogger - Using 'UTF-8' encoding to copy filtered resources.
2018-04-01 19:38:02,929 [Worker-316] INFO  o.e.m.c.i.embedder.EclipseLogger - Copying 0 resource
2018-04-01 19:38:02,930 [Worker-316] INFO  o.e.m.c.i.embedder.EclipseLogger - Copying 1 resource
2018-04-01 19:38:02,932 [Worker-316] INFO  o.e.m.c.i.embedder.EclipseLogger - Using 'UTF-8' encoding to copy filtered resources.
2018-04-01 19:38:02,932 [Worker-316] INFO  o.e.m.c.i.embedder.EclipseLogger - skip non existing resourceDirectory C:\Users\rhoussou\projects\personal\javaProjects\microservices\customers-micro-services\src\test\resources
2018-04-01 23:16:51,538 [Worker-335] INFO  o.e.m.c.i.embedder.EclipseLogger - Using 'UTF-8' encoding to copy filtered resources.
2018-04-01 23:16:51,541 [Worker-335] INFO  o.e.m.c.i.embedder.EclipseLogger - Copying 0 resource
2018-04-01 23:16:51,543 [Worker-335] INFO  o.e.m.c.i.embedder.EclipseLogger - Copying 1 resource
2018-04-01 23:16:51,546 [Worker-335] INFO  o.e.m.c.i.embedder.EclipseLogger - Using 'UTF-8' encoding to copy filtered resources.
2018-04-01 23:16:51,546 [Worker-335] INFO  o.e.m.c.i.embedder.EclipseLogger - skip non existing resourceDirectory C:\Users\rhoussou\projects\personal\javaProjects\microservices\eureka-server\src\test\resources
2018-04-01 23:18:59,426 [Worker-335] INFO  o.e.m.c.i.embedder.EclipseLogger - Using 'UTF-8' encoding to copy filtered resources.
2018-04-01 23:18:59,426 [Worker-335] INFO  o.e.m.c.i.embedder.EclipseLogger - Copying 0 resource
2018-04-01 23:18:59,430 [Worker-335] INFO  o.e.m.c.i.embedder.EclipseLogger - Copying 1 resource
2018-04-01 23:18:59,442 [Worker-335] INFO  o.e.m.c.i.embedder.EclipseLogger - Using 'UTF-8' encoding to copy filtered resources.
2018-04-01 23:18:59,444 [Worker-335] INFO  o.e.m.c.i.embedder.EclipseLogger - skip non existing resourceDirectory C:\Users\rhoussou\projects\personal\javaProjects\microservices\customers-micro-services\src\test\resources
2018-04-01 23:20:40,141 [Worker-331] INFO  o.e.m.c.i.embedder.EclipseLogger - Using 'UTF-8' encoding to copy filtered resources.
2018-04-01 23:20:40,142 [Worker-331] INFO  o.e.m.c.i.embedder.EclipseLogger - Copying 0 resource
2018-04-01 23:20:40,142 [Worker-331] INFO  o.e.m.c.i.embedder.EclipseLogger - Copying 1 resource
2018-04-01 23:20:40,148 [Worker-331] INFO  o.e.m.c.i.embedder.EclipseLogger - Using 'UTF-8' encoding to copy filtered resources.
2018-04-01 23:20:40,148 [Worker-331] INFO  o.e.m.c.i.embedder.EclipseLogger - skip non existing resourceDirectory C:\Users\rhoussou\projects\personal\javaProjects\microservices\orders-micro-services\src\test\resources
2018-04-01 23:23:29,247 [Worker-334] INFO  o.e.m.c.i.embedder.EclipseLogger - Using 'UTF-8' encoding to copy filtered resources.
2018-04-01 23:23:29,249 [Worker-334] INFO  o.e.m.c.i.embedder.EclipseLogger - Copying 0 resource
2018-04-01 23:23:29,249 [Worker-334] INFO  o.e.m.c.i.embedder.EclipseLogger - Copying 1 resource
2018-04-01 23:23:29,250 [Worker-334] INFO  o.e.m.c.i.embedder.EclipseLogger - Using 'UTF-8' encoding to copy filtered resources.
2018-04-01 23:23:29,250 [Worker-334] INFO  o.e.m.c.i.embedder.EclipseLogger - skip non existing resourceDirectory C:\Users\rhoussou\projects\personal\javaProjects\microservices\pricing-micro-services\src\test\resources
2018-04-01 23:30:23,548 [Worker-335] INFO  o.e.m.c.i.embedder.EclipseLogger - Using 'UTF-8' encoding to copy filtered resources.
2018-04-01 23:30:23,548 [Worker-335] INFO  o.e.m.c.i.embedder.EclipseLogger - Copying 0 resource
2018-04-01 23:30:23,548 [Worker-335] INFO  o.e.m.c.i.embedder.EclipseLogger - Copying 1 resource
2018-04-01 23:30:23,556 [Worker-335] INFO  o.e.m.c.i.embedder.EclipseLogger - Using 'UTF-8' encoding to copy filtered resources.
2018-04-01 23:30:23,556 [Worker-335] INFO  o.e.m.c.i.embedder.EclipseLogger - skip non existing resourceDirectory C:\Users\rhoussou\projects\personal\javaProjects\microservices\proxy-server\src\test\resources
2018-04-01 23:31:58,868 [Worker-336] INFO  o.e.m.c.i.embedder.EclipseLogger - Using 'UTF-8' encoding to copy filtered resources.
2018-04-01 23:31:58,868 [Worker-336] INFO  o.e.m.c.i.embedder.EclipseLogger - Copying 0 resource
2018-04-01 23:31:58,868 [Worker-336] INFO  o.e.m.c.i.embedder.EclipseLogger - Copying 1 resource
2018-04-01 23:31:58,872 [Worker-336] INFO  o.e.m.c.i.embedder.EclipseLogger - Using 'UTF-8' encoding to copy filtered resources.
2018-04-01 23:31:58,872 [Worker-336] INFO  o.e.m.c.i.embedder.EclipseLogger - skip non existing resourceDirectory C:\Users\rhoussou\projects\personal\javaProjects\microservices\proxy-server\src\test\resources
2018-04-02 13:29:15,631 [Worker-3] INFO  c.g.t.t.d.PublishedGradleVersions - Gradle version information cache is out-of-date. Trying to update.
2018-04-02 13:29:33,924 [Worker-14] INFO  o.e.m.c.i.embedder.EclipseLogger - Using 'UTF-8' encoding to copy filtered resources.
2018-04-02 13:29:33,933 [Worker-14] INFO  o.e.m.c.i.embedder.EclipseLogger - Copying 0 resource
2018-04-02 13:29:33,935 [Worker-14] INFO  o.e.m.c.i.embedder.EclipseLogger - Copying 1 resource
2018-04-02 13:29:33,949 [Worker-14] INFO  o.e.m.c.i.embedder.EclipseLogger - Using 'UTF-8' encoding to copy filtered resources.
2018-04-02 13:29:33,949 [Worker-14] INFO  o.e.m.c.i.embedder.EclipseLogger - skip non existing resourceDirectory C:\Users\rhoussou\projects\personal\javaProjects\microservices\admin-users-micro-services\src\test\resources
2018-04-02 13:29:35,511 [Worker-14] INFO  o.e.m.c.i.embedder.EclipseLogger - Using 'UTF-8' encoding to copy filtered resources.
2018-04-02 13:29:35,512 [Worker-14] INFO  o.e.m.c.i.embedder.EclipseLogger - Copying 1 resource
2018-04-02 13:29:35,526 [Worker-14] INFO  o.e.m.c.i.embedder.EclipseLogger - Copying 0 resource
2018-04-02 13:29:35,529 [Worker-14] INFO  o.e.m.c.i.embedder.EclipseLogger - Using 'UTF-8' encoding to copy filtered resources.
2018-04-02 13:29:35,530 [Worker-14] INFO  o.e.m.c.i.embedder.EclipseLogger - skip non existing resourceDirectory C:\Users\rhoussou\projects\personal\javaProjects\microservices\config-server\src\test\resources
2018-04-02 13:29:37,168 [Worker-14] INFO  o.e.m.c.i.embedder.EclipseLogger - Using 'UTF-8' encoding to copy filtered resources.
2018-04-02 13:29:37,169 [Worker-14] INFO  o.e.m.c.i.embedder.EclipseLogger - Copying 0 resource
2018-04-02 13:29:37,170 [Worker-14] INFO  o.e.m.c.i.embedder.EclipseLogger - Copying 1 resource
2018-04-02 13:29:37,174 [Worker-14] INFO  o.e.m.c.i.embedder.EclipseLogger - Using 'UTF-8' encoding to copy filtered resources.
2018-04-02 13:29:37,174 [Worker-14] INFO  o.e.m.c.i.embedder.EclipseLogger - skip non existing resourceDirectory C:\Users\rhoussou\projects\personal\javaProjects\microservices\contributions-micro-services\src\test\resources
2018-04-02 13:29:38,361 [Worker-14] INFO  o.e.m.c.i.embedder.EclipseLogger - Using 'UTF-8' encoding to copy filtered resources.
2018-04-02 13:29:38,361 [Worker-14] INFO  o.e.m.c.i.embedder.EclipseLogger - Copying 0 resource
2018-04-02 13:29:38,362 [Worker-14] INFO  o.e.m.c.i.embedder.EclipseLogger - Copying 1 resource
2018-04-02 13:29:38,366 [Worker-14] INFO  o.e.m.c.i.embedder.EclipseLogger - Using 'UTF-8' encoding to copy filtered resources.
2018-04-02 13:29:38,366 [Worker-14] INFO  o.e.m.c.i.embedder.EclipseLogger - skip non existing resourceDirectory C:\Users\rhoussou\projects\personal\javaProjects\microservices\customers-micro-services\src\test\resources
2018-04-02 13:29:39,842 [Worker-14] INFO  o.e.m.c.i.embedder.EclipseLogger - Using 'UTF-8' encoding to copy filtered resources.
2018-04-02 13:29:39,843 [Worker-14] INFO  o.e.m.c.i.embedder.EclipseLogger - Copying 0 resource
2018-04-02 13:29:39,844 [Worker-14] INFO  o.e.m.c.i.embedder.EclipseLogger - Copying 1 resource
2018-04-02 13:29:39,848 [Worker-14] INFO  o.e.m.c.i.embedder.EclipseLogger - Using 'UTF-8' encoding to copy filtered resources.
2018-04-02 13:29:39,849 [Worker-14] INFO  o.e.m.c.i.embedder.EclipseLogger - skip non existing resourceDirectory C:\Users\rhoussou\projects\personal\javaProjects\microservices\eureka-server\src\test\resources
2018-04-02 13:29:41,136 [Worker-14] INFO  o.e.m.c.i.embedder.EclipseLogger - Using 'UTF-8' encoding to copy filtered resources.
2018-04-02 13:29:41,137 [Worker-14] INFO  o.e.m.c.i.embedder.EclipseLogger - Copying 0 resource
2018-04-02 13:29:41,138 [Worker-14] INFO  o.e.m.c.i.embedder.EclipseLogger - Copying 1 resource
2018-04-02 13:29:41,141 [Worker-14] INFO  o.e.m.c.i.embedder.EclipseLogger - Using 'UTF-8' encoding to copy filtered resources.
2018-04-02 13:29:41,142 [Worker-14] INFO  o.e.m.c.i.embedder.EclipseLogger - skip non existing resourceDirectory C:\Users\rhoussou\projects\personal\javaProjects\microservices\orders-micro-services\src\test\resources
2018-04-02 13:29:42,224 [Worker-14] INFO  o.e.m.c.i.embedder.EclipseLogger - Using 'UTF-8' encoding to copy filtered resources.
2018-04-02 13:29:42,225 [Worker-14] INFO  o.e.m.c.i.embedder.EclipseLogger - Copying 0 resource
2018-04-02 13:29:42,225 [Worker-14] INFO  o.e.m.c.i.embedder.EclipseLogger - Copying 1 resource
2018-04-02 13:29:42,229 [Worker-14] INFO  o.e.m.c.i.embedder.EclipseLogger - Using 'UTF-8' encoding to copy filtered resources.
2018-04-02 13:29:42,229 [Worker-14] INFO  o.e.m.c.i.embedder.EclipseLogger - skip non existing resourceDirectory C:\Users\rhoussou\projects\personal\javaProjects\microservices\pricing-micro-services\src\test\resources
2018-04-02 13:29:43,601 [Worker-14] INFO  o.e.m.c.i.embedder.EclipseLogger - Using 'UTF-8' encoding to copy filtered resources.
2018-04-02 13:29:43,602 [Worker-14] INFO  o.e.m.c.i.embedder.EclipseLogger - Copying 0 resource
2018-04-02 13:29:43,603 [Worker-14] INFO  o.e.m.c.i.embedder.EclipseLogger - Copying 1 resource
2018-04-02 13:29:43,620 [Worker-14] INFO  o.e.m.c.i.embedder.EclipseLogger - Using 'UTF-8' encoding to copy filtered resources.
2018-04-02 13:29:43,621 [Worker-14] INFO  o.e.m.c.i.embedder.EclipseLogger - skip non existing resourceDirectory C:\Users\rhoussou\projects\personal\javaProjects\microservices\proxy-server\src\test\resources
2018-04-02 13:29:44,784 [Worker-14] INFO  o.e.m.c.i.embedder.EclipseLogger - Using 'UTF-8' encoding to copy filtered resources.
2018-04-02 13:29:44,785 [Worker-14] INFO  o.e.m.c.i.embedder.EclipseLogger - Copying 0 resource
2018-04-02 13:29:44,786 [Worker-14] INFO  o.e.m.c.i.embedder.EclipseLogger - Copying 1 resource
2018-04-02 13:29:44,789 [Worker-14] INFO  o.e.m.c.i.embedder.EclipseLogger - Using 'UTF-8' encoding to copy filtered resources.
2018-04-02 13:29:44,789 [Worker-14] INFO  o.e.m.c.i.embedder.EclipseLogger - skip non existing resourceDirectory C:\Users\rhoussou\projects\personal\javaProjects\microservices\stock-micro-services\src\test\resources
